<?xml version="1.0" encoding="UTF-8"?>
<!-- Generated by org.testng.reporters.JUnitReportReporter -->
<testsuite hostname="thripura-PC" name="com.macys.ui.Base.BaseEngine" tests="1" failures="0" timestamp="7 Jan 2020 07:06:04 GMT" time="0.033" errors="0">
  <testcase name="openBrowser" time="0.033" classname="com.macys.ui.Base.BaseEngine"/>
</testsuite> <!-- com.macys.ui.Base.BaseEngine -->
